<?xml version="1.0" encoding="UTF-8"?>
<!-- Generated by org.testng.reporters.JUnitReportReporter -->
<testsuite skipped="0" hostname="sharath" name="Script.SearchItemTestCase" tests="1" failures="0" timestamp="25 Jun 2018 09:40:54 GMT" time="39.365" errors="0">
  <testcase name="test1" time="39.365" classname="Script.SearchItemTestCase"/>
</testsuite> <!-- Script.SearchItemTestCase -->
