<?xml version="1.0" encoding="UTF-8"?>
<!-- Generated by org.testng.reporters.JUnitReportReporter -->
<testsuite skipped="0" hostname="sharath" name="Script.WithoutAddToCart" tests="1" failures="0" timestamp="25 Jun 2018 09:40:54 GMT" time="36.778" errors="0">
  <testcase name="test2" time="36.778" classname="Script.WithoutAddToCart"/>
</testsuite> <!-- Script.WithoutAddToCart -->
