<?xml version="1.0" encoding="UTF-8"?>
<!-- Generated by org.testng.reporters.JUnitReportReporter -->
<testsuite skipped="0" hostname="sharath" name="excution.ChangeLocation" tests="1" failures="0" timestamp="21 Jun 2018 09:32:17 GMT" time="330.412" errors="0">
  <testcase name="test4" time="330.412" classname="excution.ChangeLocation"/>
</testsuite> <!-- excution.ChangeLocation -->
