<?xml version="1.0" encoding="UTF-8"?>
<!-- Generated by org.testng.reporters.JUnitReportReporter -->
<testsuite skipped="0" hostname="sharath" name="excution.LoginLogut" tests="1" failures="0" timestamp="22 Jun 2018 06:19:41 GMT" time="54.419" errors="0">
  <testcase name="test1" time="54.419" classname="excution.LoginLogut"/>
</testsuite> <!-- excution.LoginLogut -->
