<?xml version="1.0" encoding="UTF-8"?>
<!-- Generated by org.testng.reporters.JUnitReportReporter -->
<testsuite skipped="0" hostname="sharath" name="excution.NavigateToCart" tests="1" failures="0" timestamp="22 Jun 2018 06:30:50 GMT" time="88.368" errors="0">
  <testcase name="test2" time="88.368" classname="excution.NavigateToCart"/>
</testsuite> <!-- excution.NavigateToCart -->
