<?xml version="1.0" encoding="UTF-8"?>
<!-- Generated by org.testng.reporters.JUnitReportReporter -->
<testsuite skipped="0" hostname="sharath" name="excution.ReviewAboutEbay" tests="1" failures="0" timestamp="22 Jun 2018 06:56:32 GMT" time="48.299" errors="0">
  <testcase name="test2" time="48.299" classname="excution.ReviewAboutEbay"/>
</testsuite> <!-- excution.ReviewAboutEbay -->
