<?xml version="1.0" encoding="UTF-8"?>
<!-- Generated by org.testng.reporters.JUnitReportReporter -->
<testsuite skipped="0" hostname="sharath" name="excution.SearchItemTestCase" tests="1" failures="0" timestamp="20 Jun 2018 06:40:42 GMT" time="85.378" errors="0">
  <testcase name="test1" time="85.378" classname="excution.SearchItemTestCase"/>
</testsuite> <!-- excution.SearchItemTestCase -->
