<?xml version="1.0" encoding="UTF-8"?>
<!-- Generated by org.testng.reporters.JUnitReportReporter -->
<testsuite skipped="0" hostname="sharath" name="Script.ReviewAboutEbay" tests="1" failures="0" timestamp="25 Jun 2018 09:40:54 GMT" time="44.554" errors="0">
  <testcase name="test2" time="44.554" classname="Script.ReviewAboutEbay"/>
</testsuite> <!-- Script.ReviewAboutEbay -->
