<?xml version="1.0" encoding="UTF-8"?>
<!-- Generated by org.testng.reporters.JUnitReportReporter -->
<testsuite skipped="0" hostname="sharath" name="Script.AddToCart" tests="1" failures="0" timestamp="25 Jun 2018 09:40:54 GMT" time="47.361" errors="0">
  <testcase name="test2" time="47.361" classname="Script.AddToCart"/>
</testsuite> <!-- Script.AddToCart -->
