<?xml version="1.0" encoding="UTF-8"?>
<!-- Generated by org.testng.reporters.JUnitReportReporter -->
<testsuite skipped="0" hostname="sharath" name="excution.Test1" tests="1" failures="0" timestamp="19 Jun 2018 12:35:20 GMT" time="47.603" errors="0">
  <testcase name="test1" time="47.603" classname="excution.Test1"/>
</testsuite> <!-- excution.Test1 -->
